[debug] [2023-03-04T11:12:42.994Z] ----------------------------------------------------------------------
[debug] [2023-03-04T11:12:42.996Z] Command:       C:\Program Files\nodejs\node.exe C:\Users\Revanth Naidu\AppData\Roaming\npm\node_modules\firebase-tools\lib\bin\firebase.js init
[debug] [2023-03-04T11:12:42.997Z] CLI Version:   11.24.0
[debug] [2023-03-04T11:12:42.997Z] Platform:      win32
[debug] [2023-03-04T11:12:42.997Z] Node Version:  v16.15.0
[debug] [2023-03-04T11:12:42.998Z] Time:          Sat Mar 04 2023 16:42:42 GMT+0530 (India Standard Time)
[debug] [2023-03-04T11:12:42.998Z] ----------------------------------------------------------------------
[debug] 
[debug] [2023-03-04T11:12:43.005Z] > command requires scopes: ["email","openid","https://www.googleapis.com/auth/cloudplatformprojects.readonly","https://www.googleapis.com/auth/firebase","https://www.googleapis.com/auth/cloud-platform"]
[debug] [2023-03-04T11:12:43.006Z] > authorizing via signed-in user (revanthnsrn@gmail.com)
[info] 
     ######## #### ########  ######## ########     ###     ######  ########
     ##        ##  ##     ## ##       ##     ##  ##   ##  ##       ##
     ######    ##  ########  ######   ########  #########  ######  ######
     ##        ##  ##    ##  ##       ##     ## ##     ##       ## ##
     ##       #### ##     ## ######## ########  ##     ##  ######  ########

You're about to initialize a Firebase project in this directory:

  E:\PORTFOLIO\web

[info] 
=== Project Setup
[info] 
[info] First, let's associate this project directory with a Firebase project.
[info] You can create multiple project aliases by running firebase use --add, 
[info] but for now we'll just set up a default project.
[info] 
[debug] [2023-03-04T11:13:31.361Z] >>> [apiv2][query] GET https://firebase.googleapis.com/v1beta1/projects pageSize=100
[debug] [2023-03-04T11:13:32.236Z] <<< [apiv2][status] GET https://firebase.googleapis.com/v1beta1/projects 200
[debug] [2023-03-04T11:13:32.236Z] <<< [apiv2][body] GET https://firebase.googleapis.com/v1beta1/projects [omitted]
[info] i  Using project sr-food-5711e (SR-FOOD) 
[info] 
=== Hosting Setup
[info] 
[info] Your public directory is the folder (relative to your project directory) that
[info] will contain Hosting assets to be uploaded with firebase deploy. If you
[info] have a build process for your assets, use your build's output directory.
[info] 
[info] +  Wrote public/404.html 
[debug] [2023-03-04T11:13:54.762Z] >>> [apiv2][query] GET https://www.gstatic.com/firebasejs/releases.json [none]
[debug] [2023-03-04T11:13:54.957Z] <<< [apiv2][status] GET https://www.gstatic.com/firebasejs/releases.json 200
[debug] [2023-03-04T11:13:54.957Z] <<< [apiv2][body] GET https://www.gstatic.com/firebasejs/releases.json {"current":{"version":"9.17.2","browserURL":"https://www.gstatic.com/firebasejs/9.17.2/firebase.js","packageURL":"https://www.gstatic.com/firebasejs/9.17.2/firebase.tgz"},"live":{"version":"9.17","browserURL":"https://www.gstatic.com/firebasejs/live/9.17/firebase.js","packageURL":"https://www.gstatic.com/firebasejs/live/9.17/firebase.tgz"},"components":{"analytics":"https://www.gstatic.com/firebasejs/9.17.2/firebase-analytics.js","app":"https://www.gstatic.com/firebasejs/9.17.2/firebase-app.js","app-check":"https://www.gstatic.com/firebasejs/9.17.2/firebase-app-check.js","auth":"https://www.gstatic.com/firebasejs/9.17.2/firebase-auth.js","auth/cordova":"https://www.gstatic.com/firebasejs/9.17.2/firebase-auth/cordova.js","auth/react-native":"https://www.gstatic.com/firebasejs/9.17.2/firebase-auth/react-native.js","functions":"https://www.gstatic.com/firebasejs/9.17.2/firebase-functions.js","firestore":"https://www.gstatic.com/firebasejs/9.17.2/firebase-firestore.js","firestore/lite":"https://www.gstatic.com/firebasejs/9.17.2/firebase-firestore/lite.js","installations":"https://www.gstatic.com/firebasejs/9.17.2/firebase-installations.js","storage":"https://www.gstatic.com/firebasejs/9.17.2/firebase-storage.js","performance":"https://www.gstatic.com/firebasejs/9.17.2/firebase-performance.js","remote-config":"https://www.gstatic.com/firebasejs/9.17.2/firebase-remote-config.js","messaging":"https://www.gstatic.com/firebasejs/9.17.2/firebase-messaging.js","messaging/sw":"https://www.gstatic.com/firebasejs/9.17.2/firebase-messaging/sw.js","database":"https://www.gstatic.com/firebasejs/9.17.2/firebase-database.js","firestore.memory":"https://www.gstatic.com/firebasejs/9.17.2/firebase-firestore.memory.js"}}
[info] i  Skipping write of public/index.html 
[info] 
[info] i  Detected a .git folder at E:\PORTFOLIO\web 
[info] i  Authorizing with GitHub to upload your service account to a GitHub repository's secrets store. 
[info] 
[info] Visit this URL on this device to log in:
[info] https://github.com/login/oauth/authorize?client_id=89cf50f02ac6aaed3484&state=155667160&redirect_uri=http%3A%2F%2Flocalhost%3A9005&scope=read%3Auser%20repo%20public_repo
[info] 
[info] Waiting for authentication...
[debug] [2023-03-04T11:14:11.032Z] >>> [apiv2][query] POST https://github.com/login/oauth/access_token [none]
[debug] [2023-03-04T11:14:11.032Z] >>> [apiv2][body] POST https://github.com/login/oauth/access_token [stream]
[debug] [2023-03-04T11:14:11.449Z] <<< [apiv2][status] POST https://github.com/login/oauth/access_token 200
[debug] [2023-03-04T11:14:11.449Z] <<< [apiv2][body] POST https://github.com/login/oauth/access_token {"access_token":"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","token_type":"bearer","scope":"read:user,repo"}
[debug] [2023-03-04T11:14:11.455Z] >>> [apiv2][query] GET https://api.github.com/user [none]
[debug] [2023-03-04T11:14:11.903Z] <<< [apiv2][status] GET https://api.github.com/user 200
[debug] [2023-03-04T11:14:11.904Z] <<< [apiv2][body] GET https://api.github.com/user {"login":"revanth3005","id":105050862,"node_id":"U_kgDOBkLy7g","avatar_url":"https://avatars.githubusercontent.com/u/105050862?v=4","gravatar_id":"","url":"https://api.github.com/users/revanth3005","html_url":"https://github.com/revanth3005","followers_url":"https://api.github.com/users/revanth3005/followers","following_url":"https://api.github.com/users/revanth3005/following{/other_user}","gists_url":"https://api.github.com/users/revanth3005/gists{/gist_id}","starred_url":"https://api.github.com/users/revanth3005/starred{/owner}{/repo}","subscriptions_url":"https://api.github.com/users/revanth3005/subscriptions","organizations_url":"https://api.github.com/users/revanth3005/orgs","repos_url":"https://api.github.com/users/revanth3005/repos","events_url":"https://api.github.com/users/revanth3005/events{/privacy}","received_events_url":"https://api.github.com/users/revanth3005/received_events","type":"User","site_admin":false,"name":"Revanth_Neelam","company":null,"blog":"","location":null,"email":null,"hireable":null,"bio":"Full Stack Developer-MERN.\r\nExperienced in building single page Application on Frontend frameworks-Library like React and comming to Backend on Nodejs & MongoDB","twitter_username":null,"public_repos":7,"public_gists":0,"followers":0,"following":0,"created_at":"2022-05-06T10:31:12Z","updated_at":"2023-03-04T11:07:59Z","private_gists":0,"total_private_repos":2,"owned_private_repos":2,"disk_usage":8908,"collaborators":0,"two_factor_authentication":false,"plan":{"name":"free","space":976562499,"collaborators":0,"private_repos":10000}}
[info] 
[info] +  Success! Logged into GitHub as revanth3005 
[info] 
[debug] [2023-03-04T11:14:23.239Z] >>> [apiv2][query] GET https://api.github.com/repos//actions/secrets/public-key type=owner
[debug] [2023-03-04T11:14:23.972Z] >>> [apiv2][query] GET https://api.github.com/repos//actions/secrets/public-key type=owner
[debug] [2023-03-04T11:14:25.212Z] >>> [apiv2][query] GET https://api.github.com/repos//actions/secrets/public-key type=owner
